[debug] [2022-03-10T10:28:44.540Z] ----------------------------------------------------------------------
[debug] [2022-03-10T10:28:44.547Z] Command:       C:\Program Files\nodejs\node.exe C:\Users\jiesh\Documents\GitHub\Supermama-social-media-app\Supermama\functions\node_modules\firebase-tools\lib\bin\firebase.js functions:shell
[debug] [2022-03-10T10:28:44.548Z] CLI Version:   10.2.2
[debug] [2022-03-10T10:28:44.549Z] Platform:      win32
[debug] [2022-03-10T10:28:44.549Z] Node Version:  v14.18.1
[debug] [2022-03-10T10:28:44.551Z] Time:          Thu Mar 10 2022 18:28:44 GMT+0800 (Malaysia Time)
[debug] [2022-03-10T10:28:44.551Z] ----------------------------------------------------------------------
[debug] 
[debug] [2022-03-10T10:28:44.763Z] > command requires scopes: ["email","openid","https://www.googleapis.com/auth/cloudplatformprojects.readonly","https://www.googleapis.com/auth/firebase","https://www.googleapis.com/auth/cloud-platform"]
[debug] [2022-03-10T10:28:44.764Z] > authorizing via signed-in user (jieshi1018@gmail.com)
[debug] [2022-03-10T10:28:44.764Z] [iam] checking project supermama-6aa87 for permissions ["firebase.projects.get"]
[debug] [2022-03-10T10:28:44.771Z] >>> [apiv2][query] POST https://cloudresourcemanager.googleapis.com/v1/projects/supermama-6aa87:testIamPermissions [none]
[debug] [2022-03-10T10:28:44.772Z] >>> [apiv2][body] POST https://cloudresourcemanager.googleapis.com/v1/projects/supermama-6aa87:testIamPermissions {"permissions":["firebase.projects.get"]}
[debug] [2022-03-10T10:28:45.897Z] <<< [apiv2][status] POST https://cloudresourcemanager.googleapis.com/v1/projects/supermama-6aa87:testIamPermissions 200
[debug] [2022-03-10T10:28:45.898Z] <<< [apiv2][body] POST https://cloudresourcemanager.googleapis.com/v1/projects/supermama-6aa87:testIamPermissions {"permissions":["firebase.projects.get"]}
[debug] [2022-03-10T10:28:45.972Z] [functions] Using node@14 from host.
[debug] [2022-03-10T10:28:45.975Z] defaultcredentials: writing to file C:\Users\jiesh\AppData\Roaming\firebase\jieshi1018_gmail_com_application_default_credentials.json
[debug] [2022-03-10T10:28:45.979Z] DEBUG: Setting GAC to C:\Users\jiesh\AppData\Roaming\firebase\jieshi1018_gmail_com_application_default_credentials.json
[debug] [2022-03-10T10:28:45.980Z] >>> [apiv2][query] GET https://firebase.googleapis.com/v1beta1/projects/supermama-6aa87/adminSdkConfig [none]
[debug] [2022-03-10T10:28:46.500Z] <<< [apiv2][status] GET https://firebase.googleapis.com/v1beta1/projects/supermama-6aa87/adminSdkConfig 200
[debug] [2022-03-10T10:28:46.501Z] <<< [apiv2][body] GET https://firebase.googleapis.com/v1beta1/projects/supermama-6aa87/adminSdkConfig {"projectId":"supermama-6aa87","storageBucket":"supermama-6aa87.appspot.com","locationId":"asia-southeast1"}
[debug] [2022-03-10T10:28:46.536Z] [functions] Watching "C:\Users\jiesh\Documents\GitHub\Supermama-social-media-app\Supermama\functions" for Cloud Functions...
[debug] [2022-03-10T10:28:46.553Z] Validating nodejs source
[debug] [2022-03-10T10:28:57.052Z] > [functions] package.json contents: {
  "name": "functions",
  "description": "Cloud Functions for Firebase",
  "scripts": {
    "lint": "eslint .",
    "serve": "firebase emulators:start --only functions",
    "shell": "firebase functions:shell",
    "start": "yarn shell",
    "deploy": "firebase deploy --only functions",
    "logs": "firebase functions:log"
  },
  "engines": {
    "node": "14"
  },
  "main": "index.js",
  "dependencies": {
    "firebase": "^9.6.8",
    "firebase-admin": "^9.8.0",
    "firebase-functions": "^3.14.1",
    "firebase-tools": "^10.2.2",
    "stripe": "^8.206.0"
  },
  "devDependencies": {
    "eslint": "^7.6.0",
    "eslint-config-google": "^0.14.0",
    "firebase-functions-test": "^0.2.0"
  },
  "private": true
}
[debug] [2022-03-10T10:28:57.053Z] Building nodejs source
[debug] [2022-03-10T10:28:57.053Z] Analyzing nodejs backend spec
[debug] [2022-03-10T10:28:57.702Z] [functions[us-central1-completePaymentWithStripe]] http function initialized (http://localhost:5000/supermama-6aa87/us-central1/completePaymentWithStripe).
[info] i  functions: Loaded functions: completePaymentWithStripe 
[warn] !  functions: The following emulators are not running, calls to these services will affect production: firestore, database, pubsub, storage 
